2024-06-24 18:08:06,499 p=3444395 u=upszot n=ansible | [WARNING]: A duplicate localhost-like entry was found (localhost). First found localhost was 127.0.0.1

2024-06-24 18:08:06,598 p=3444395 u=upszot n=ansible | PLAY [all] **********************************************************************************************************************************************************************************************************************************
2024-06-24 18:08:06,609 p=3444395 u=upszot n=ansible | TASK [Gathering Facts] **********************************************************************************************************************************************************************************************************************
2024-06-24 18:08:07,746 p=3444395 u=upszot n=ansible | ok: [localhost]
2024-06-24 18:08:07,775 p=3444395 u=upszot n=ansible | TASK [include_role : 2do_parcial] ***********************************************************************************************************************************************************************************************************
2024-06-24 18:08:07,805 p=3444395 u=upszot n=ansible | TASK [2do_parcial : debug] ******************************************************************************************************************************************************************************************************************
2024-06-24 18:08:07,817 p=3444395 u=upszot n=ansible | ok: [localhost] => {
    "msg": "Tareas del 2do Parcial"
}
2024-06-24 18:08:07,836 p=3444395 u=upszot n=ansible | TASK [Otra tarea] ***************************************************************************************************************************************************************************************************************************
2024-06-24 18:08:07,851 p=3444395 u=upszot n=ansible | ok: [localhost] => {
    "msg": "Despues de la ejecucion del rol"
}
2024-06-24 18:08:07,885 p=3444395 u=upszot n=ansible | PLAY RECAP **********************************************************************************************************************************************************************************************************************************
2024-06-24 18:08:07,885 p=3444395 u=upszot n=ansible | localhost                  : ok=3    changed=0    unreachable=0    failed=0    skipped=0    rescued=0    ignored=0   
2024-11-19 00:56:29,839 p=2729 u=root n=ansible | [WARNING]: A duplicate localhost-like entry was found (localhost). First found localhost was 127.0.0.1

2024-11-19 00:56:30,212 p=2729 u=root n=ansible | PLAY [all] *************************************************************************************************************************************************************************************
2024-11-19 00:56:30,241 p=2729 u=root n=ansible | TASK [Gathering Facts] *************************************************************************************************************************************************************************
2024-11-19 00:56:30,363 p=2729 u=root n=ansible | fatal: [127.0.0.1]: UNREACHABLE! => {"changed": false, "msg": "Failed to connect to the host via ssh: Warning: Permanently added '127.0.0.1' (ED25519) to the list of known hosts.\r\nroot@127.0.0.1: Permission denied (publickey).", "unreachable": true}
2024-11-19 00:56:32,003 p=2729 u=root n=ansible | ok: [localhost]
2024-11-19 00:56:32,017 p=2729 u=root n=ansible | TASK [include_role : 2do_parcial] **************************************************************************************************************************************************************
2024-11-19 00:56:32,060 p=2729 u=root n=ansible | TASK [2do_parcial : debug] *********************************************************************************************************************************************************************
2024-11-19 00:56:32,077 p=2729 u=root n=ansible | ok: [localhost] => {
    "msg": "Tareas del 2do Parcial"
}
2024-11-19 00:56:32,086 p=2729 u=root n=ansible | TASK [Otra tarea] ******************************************************************************************************************************************************************************
2024-11-19 00:56:32,103 p=2729 u=root n=ansible | ok: [localhost] => {
    "msg": "Despues de la ejecucion del rol"
}
2024-11-19 00:56:32,121 p=2729 u=root n=ansible | PLAY RECAP *************************************************************************************************************************************************************************************
2024-11-19 00:56:32,122 p=2729 u=root n=ansible | 127.0.0.1                  : ok=0    changed=0    unreachable=1    failed=0    skipped=0    rescued=0    ignored=0   
2024-11-19 00:56:32,122 p=2729 u=root n=ansible | localhost                  : ok=3    changed=0    unreachable=0    failed=0    skipped=0    rescued=0    ignored=0   
2024-11-19 00:57:52,923 p=2887 u=root n=ansible | [WARNING]: A duplicate localhost-like entry was found (localhost). First found localhost was 127.0.0.1

2024-11-19 00:57:53,075 p=2887 u=root n=ansible | PLAY [produccion] ******************************************************************************************************************************************************************************
2024-11-19 00:57:53,086 p=2887 u=root n=ansible | TASK [Gathering Facts] *************************************************************************************************************************************************************************
2024-11-19 00:57:54,506 p=2887 u=root n=ansible | ok: [localhost]
2024-11-19 00:57:54,519 p=2887 u=root n=ansible | TASK [include_role : 2do_parcial] **************************************************************************************************************************************************************
2024-11-19 00:57:54,549 p=2887 u=root n=ansible | TASK [2do_parcial : debug] *********************************************************************************************************************************************************************
2024-11-19 00:57:54,564 p=2887 u=root n=ansible | ok: [localhost] => {
    "msg": "Tareas del 2do Parcial"
}
2024-11-19 00:57:54,575 p=2887 u=root n=ansible | TASK [Otra tarea] ******************************************************************************************************************************************************************************
2024-11-19 00:57:54,588 p=2887 u=root n=ansible | ok: [localhost] => {
    "msg": "Despues de la ejecucion del rol"
}
2024-11-19 00:57:54,606 p=2887 u=root n=ansible | PLAY RECAP *************************************************************************************************************************************************************************************
2024-11-19 00:57:54,607 p=2887 u=root n=ansible | localhost                  : ok=3    changed=0    unreachable=0    failed=0    skipped=0    rescued=0    ignored=0   
2024-11-19 01:01:05,851 p=3035 u=root n=ansible | [WARNING]: A duplicate localhost-like entry was found (localhost). First found localhost was 127.0.0.1

2024-11-19 01:01:06,004 p=3035 u=root n=ansible | PLAY [produccion] ******************************************************************************************************************************************************************************
2024-11-19 01:01:06,015 p=3035 u=root n=ansible | TASK [Gathering Facts] *************************************************************************************************************************************************************************
2024-11-19 01:01:07,353 p=3035 u=root n=ansible | ok: [localhost]
2024-11-19 01:01:07,369 p=3035 u=root n=ansible | TASK [include_role : 2do_parcial] **************************************************************************************************************************************************************
2024-11-19 01:01:07,403 p=3035 u=root n=ansible | TASK [2do_parcial : debug] *********************************************************************************************************************************************************************
2024-11-19 01:01:07,421 p=3035 u=root n=ansible | ok: [localhost] => {
    "msg": "Tareas del 2do Parcial"
}
2024-11-19 01:01:07,430 p=3035 u=root n=ansible | TASK [Otra tarea] ******************************************************************************************************************************************************************************
2024-11-19 01:01:07,449 p=3035 u=root n=ansible | ok: [localhost] => {
    "msg": "Despues de la ejecucion del rol"
}
2024-11-19 01:01:07,466 p=3035 u=root n=ansible | PLAY RECAP *************************************************************************************************************************************************************************************
2024-11-19 01:01:07,468 p=3035 u=root n=ansible | localhost                  : ok=3    changed=0    unreachable=0    failed=0    skipped=0    rescued=0    ignored=0   
2024-11-19 01:08:25,591 p=3196 u=root n=ansible | [WARNING]: A duplicate localhost-like entry was found (localhost). First found localhost was 127.0.0.1

2024-11-19 01:08:25,742 p=3196 u=root n=ansible | PLAY [produccion] ******************************************************************************************************************************************************************************
2024-11-19 01:08:25,755 p=3196 u=root n=ansible | TASK [Gathering Facts] *************************************************************************************************************************************************************************
2024-11-19 01:08:27,129 p=3196 u=root n=ansible | ok: [localhost]
2024-11-19 01:08:27,145 p=3196 u=root n=ansible | TASK [include_role : 2do_parcial] **************************************************************************************************************************************************************
2024-11-19 01:08:27,195 p=3196 u=root n=ansible | TASK [2do_parcial : debug] *********************************************************************************************************************************************************************
2024-11-19 01:08:27,208 p=3196 u=root n=ansible | ok: [localhost] => {
    "msg": "Tareas del 2do Parcial"
}
2024-11-19 01:08:27,219 p=3196 u=root n=ansible | TASK [2do_parcial : Crear directorios necesarios] **********************************************************************************************************************************************
2024-11-19 01:08:27,623 p=3196 u=root n=ansible | changed: [localhost] => (item=alumno)
2024-11-19 01:08:27,867 p=3196 u=root n=ansible | changed: [localhost] => (item=equipo)
2024-11-19 01:08:27,887 p=3196 u=root n=ansible | TASK [2do_parcial : Crear archivo de datos del alumno] *****************************************************************************************************************************************
2024-11-19 01:08:28,598 p=3196 u=root n=ansible | changed: [localhost]
2024-11-19 01:08:28,605 p=3196 u=root n=ansible | TASK [2do_parcial : Crear archivo de datos del equipo] *****************************************************************************************************************************************
2024-11-19 01:08:29,048 p=3196 u=root n=ansible | changed: [localhost]
2024-11-19 01:08:29,056 p=3196 u=root n=ansible | TASK [2do_parcial : Configurar sudoers para el grupo 2PSupervisores] ***************************************************************************************************************************
2024-11-19 01:08:29,481 p=3196 u=root n=ansible | changed: [localhost]
2024-11-19 01:08:29,488 p=3196 u=root n=ansible | TASK [Otra tarea] ******************************************************************************************************************************************************************************
2024-11-19 01:08:29,500 p=3196 u=root n=ansible | ok: [localhost] => {
    "msg": "Despues de la ejecucion del rol"
}
2024-11-19 01:08:29,521 p=3196 u=root n=ansible | PLAY RECAP *************************************************************************************************************************************************************************************
2024-11-19 01:08:29,521 p=3196 u=root n=ansible | localhost                  : ok=7    changed=4    unreachable=0    failed=0    skipped=0    rescued=0    ignored=0   
